"../../../NeuroramaPreAlpha/Content/Neurorama/Core/BP_GameState.uasset" 0
"../../../NeuroramaPreAlpha/Content/Neurorama/Core/BP_GameInstance.uasset" 1
"../../../Engine/Content/EditorBlueprintResources/StandardMacros.uasset" 2
"../../../NeuroramaPreAlpha/Content/Neurorama/Core/BPI_infoInterfaces.uasset" 3
"../../../NeuroramaPreAlpha/Content/Neurorama/Core/S_iaStructure.uasset" 4
"../../../NeuroramaPreAlpha/Content/Neurorama/Core/DT_iaData.uasset" 5
"../../../Engine/Content/EditorMaterials/CASC_ModuleEnab_2.uasset" 6
"../../../Engine/Content/EditorMaterials/Cascade/CASC_None.uasset" 7
"../../../Engine/Content/Functions/Engine_MaterialFunctions03/Blends/Blend_LinearLight.uasset" 8
"../../../NeuroramaPreAlpha/Content/Neurorama/MaterialLibrary/M_iaAero_Primary.uasset" 9
"../../../Engine/Content/Functions/Engine_MaterialFunctions01/Opacity/CameraDepthFade.uasset" 10
"../../../Engine/Content/EngineMaterials/T_Default_Material_Grid_M.uasset" 11
"../../../Engine/Content/EngineMaterials/T_Default_Material_Grid_N.uasset" 12
"../../../Engine/Content/EngineMaterials/WorldGridMaterial.uasset" 13
"../../../NeuroramaPreAlpha/Content/Neurorama/Geometry/SM_Aphrodite.uasset" 14
"../../../NeuroramaPreAlpha/Content/Neurorama/Core/BP_infoActor_Master.uasset" 15
"../../../NeuroramaPreAlpha/Content/Neurorama/FX/A_Select01.uasset" 16
"../../../NeuroramaPreAlpha/Content/Neurorama/FX/A_SelectNot01.uasset" 17
"../../../NeuroramaPreAlpha/Content/Neurorama/Core/bp_Diorama_Master.uasset" 18
"../../../Engine/Content/BasicShapes/BasicShapeMaterial.uasset" 19
"../../../Engine/Content/EngineFonts/RobotoDistanceField.uasset" 20
"../../../NeuroramaPreAlpha/Content/Neurorama/MaterialLibrary/M_TextMaterial_Emissive.uasset" 21
"../../../Engine/Content/EngineMaterials/DefaultMaterial.uasset" 22
"../../../Engine/Content/BasicShapes/Sphere.uasset" 23
"../../../Engine/Plugins/2D/Paper2D/Content/PlaceholderTextures/DummySpriteTexture.uasset" 24
"../../../Engine/Plugins/2D/Paper2D/Content/DummySprite.uasset" 25
"../../../NeuroramaPreAlpha/Content/Neurorama/Core/Pawns/TestingPawns/BP_Desktop_OrbitPawn.uasset" 26
"../../../NeuroramaPreAlpha/Content/Neurorama/Core/Pawns/BP_Desktop_Menupawn.uasset" 27
"../../../NeuroramaPreAlpha/Content/Neurorama/UX/Menus/BP_MainMenuHUD.uasset" 28
"../../../NeuroramaPreAlpha/Content/Neurorama/Core/BP_GameMode_MainMenuOverride.uasset" 29
"../../../NeuroramaPreAlpha/Content/Neurorama/UX/Menus/Neurorama_Title_1a_Bungee_Font.uasset" 30
"../../../NeuroramaPreAlpha/Content/Neurorama/UX/Menus/W_MainMenu.uasset" 31
"../../../Engine/Plugins/2D/Paper2D/Content/DefaultSpriteMaterial.uasset" 32
"../../../Engine/Plugins/2D/Paper2D/Content/TranslucentUnlitSpriteMaterial.uasset" 33
"../../../NeuroramaPreAlpha/Content/Neurorama/UX/IMG_Crosshair.uasset" 34
"../../../NeuroramaPreAlpha/Content/Neurorama/UX/SPR_CrosshairWhite.uasset" 35
"../../../NeuroramaPreAlpha/Content/Neurorama/Core/Pawns/BP_Flypawn_Desktop.uasset" 36
"../../../NeuroramaPreAlpha/Content/Neurorama/MaterialLibrary/M_EscapeSuit.uasset" 37
"../../../Engine/Content/Functions/Engine_MaterialFunctions02/Utility/BreakOutFloat3Components.uasset" 38
"../../../Engine/Content/VREditor/Devices/Vive/VivePreController_MasksB.uasset" 39
"../../../Engine/Content/VREditor/Devices/Oculus/OculusControllerMaterial.uasset" 40
"../../../Engine/Content/VREditor/Devices/Oculus/OculusControllerMaterial_Inst.uasset" 41
"../../../Engine/Content/VREditor/Devices/Oculus/OculusControllerMesh.uasset" 42
"../../../NeuroramaPreAlpha/Content/Neurorama/Core/Pawns/Laserpointer/beamTexture.uasset" 43
"../../../NeuroramaPreAlpha/Content/Neurorama/Core/Pawns/Laserpointer/M_Laserbeam.uasset" 44
"../../../NeuroramaPreAlpha/Content/Neurorama/Core/Pawns/Laserpointer/P_Laserpoint.uasset" 45
"../../../NeuroramaPreAlpha/Content/Neurorama/UX/S_EscapeSuit.uasset" 46
"../../../NeuroramaPreAlpha/Content/Neurorama/Core/Pawns/TestingPawns/BP_Flypawn_VR.uasset" 47
"../../../NeuroramaPreAlpha/Content/Neurorama/Core/BP_PlayerController.uasset" 48
"../../../NeuroramaPreAlpha/Content/Neurorama/Core/Pawns/BP_Walkpawn_VR.uasset" 49
"../../../NeuroramaPreAlpha/Content/Neurorama/Core/Pawns/BP_Walkpawn_Desktop.uasset" 50
"../../../NeuroramaPreAlpha/Content/Neurorama/Core/BP_GameMode.uasset" 51
"../../../NeuroramaPreAlpha/Content/Neurorama/Core/Pawns/BP_Menupawn_VR.uasset" 52
"../../../NeuroramaPreAlpha/Content/Neurorama/Core/Pawns/OculusTouch/M_OculusControllerMaterial.uasset" 53
"../../../NeuroramaPreAlpha/Content/Neurorama/Core/Pawns/OculusTouch/OculusControllerMesh.uasset" 54
"../../../NeuroramaPreAlpha/Content/Neurorama/Core/Pawns/OculusTouch/OculusControllerM_Material_Inst.uasset" 55
"../../../NeuroramaPreAlpha/Content/Neurorama/MaterialLibrary/Sources/Marble01_basecolor.uasset" 56
"../../../NeuroramaPreAlpha/Content/Neurorama/MaterialLibrary/Sources/Marble01_metallic.uasset" 57
"../../../NeuroramaPreAlpha/Content/Neurorama/MaterialLibrary/Sources/Marble01_normal.uasset" 58
"../../../NeuroramaPreAlpha/Content/Neurorama/MaterialLibrary/Sources/Marble01_roughness.uasset" 59
"../../../NeuroramaPreAlpha/Content/Neurorama/MaterialLibrary/M_MarbleFloor.uasset" 60
"../../../NeuroramaPreAlpha/Content/Neurorama/Geometry/SM_Platform_01.uasset" 61
"../../../NeuroramaPreAlpha/Content/Neurorama/Geometry/Cortex/L_Cingulate_CaudalAnteriorCingulate.uasset" 62
"../../../NeuroramaPreAlpha/Content/Neurorama/Geometry/Cortex/L_Cingulate_IsthmusCingulate.uasset" 63
"../../../NeuroramaPreAlpha/Content/Neurorama/Geometry/Cortex/L_Cingulate_PosteriorCingulate.uasset" 64
"../../../NeuroramaPreAlpha/Content/Neurorama/Geometry/Cortex/L_Cingulate_RostralAnteriorCingulate.uasset" 65
"../../../NeuroramaPreAlpha/Content/Neurorama/Geometry/Cortex/R_Cingulate_CaudalAnteriorCingulate.uasset" 66
"../../../NeuroramaPreAlpha/Content/Neurorama/Geometry/Cortex/R_Cingulate_IsthmusCingulate.uasset" 67
"../../../NeuroramaPreAlpha/Content/Neurorama/Geometry/Cortex/R_Cingulate_PosteriorCingulate.uasset" 68
"../../../NeuroramaPreAlpha/Content/Neurorama/Geometry/Cortex/R_Cingulate_RostralAnteriorCingulate.uasset" 69
"../../../NeuroramaPreAlpha/Content/Neurorama/Geometry/Cortex/R_Occipital_Lingual.uasset" 70
"../../../NeuroramaPreAlpha/Content/Neurorama/Geometry/Hindbrain/brainstem3_cerebell.uasset" 71
"../../../NeuroramaPreAlpha/Content/Neurorama/Geometry/Cortex/L_CaudalMiddleFrontal.uasset" 72
"../../../NeuroramaPreAlpha/Content/Neurorama/InfoActors/Cortex/Frontal/BP_ia_FLmidCauD_L.uasset" 73
"../../../NeuroramaPreAlpha/Content/Neurorama/Geometry/Cortex/R_CaudalMiddleFrontal.uasset" 74
"../../../NeuroramaPreAlpha/Content/Neurorama/InfoActors/Cortex/Frontal/BP_ia_FLmidCaud_R.uasset" 75
"../../../NeuroramaPreAlpha/Content/Neurorama/Geometry/Cortex/L_Frontal_RostralMiddleFrontal.uasset" 76
"../../../NeuroramaPreAlpha/Content/Neurorama/InfoActors/Cortex/Frontal/BP_ia_FLmidrost_L.uasset" 77
"../../../NeuroramaPreAlpha/Content/Neurorama/Geometry/Cortex/R_Frontal_RostralMiddleFrontal.uasset" 78
"../../../NeuroramaPreAlpha/Content/Neurorama/InfoActors/Cortex/Frontal/BP_ia_FLmidrost_R.uasset" 79
"../../../NeuroramaPreAlpha/Content/Neurorama/Geometry/Cortex/L_Frontal_LateralOrbitoFrontal.uasset" 80
"../../../NeuroramaPreAlpha/Content/Neurorama/InfoActors/Cortex/Frontal/BP_ia_FLorbLat_L.uasset" 81
"../../../NeuroramaPreAlpha/Content/Neurorama/Geometry/Cortex/R_Frontal_LateralOrbitoFrontal.uasset" 82
"../../../NeuroramaPreAlpha/Content/Neurorama/InfoActors/Cortex/Frontal/BP_ia_FLorbLat_R.uasset" 83
"../../../NeuroramaPreAlpha/Content/Neurorama/Geometry/Cortex/L_Frontal_MedialOrbitoFrontal.uasset" 84
"../../../NeuroramaPreAlpha/Content/Neurorama/InfoActors/Cortex/Frontal/BP_ia_FLorbMed_L.uasset" 85
"../../../NeuroramaPreAlpha/Content/Neurorama/Geometry/Cortex/R_Frontal_MedialOrbitoFrontal.uasset" 86
"../../../NeuroramaPreAlpha/Content/Neurorama/InfoActors/Cortex/Frontal/BP_ia_FLorbMed_R.uasset" 87
"../../../NeuroramaPreAlpha/Content/Neurorama/Geometry/Cortex/L_Frontal_Paracentral.uasset" 88
"../../../NeuroramaPreAlpha/Content/Neurorama/InfoActors/Cortex/Frontal/BP_ia_FLparacent_L.uasset" 89
"../../../NeuroramaPreAlpha/Content/Neurorama/Geometry/Cortex/R_Frontal_Paracentral.uasset" 90
"../../../NeuroramaPreAlpha/Content/Neurorama/InfoActors/Cortex/Frontal/BP_ia_FLparacent_R.uasset" 91
"../../../NeuroramaPreAlpha/Content/Neurorama/Geometry/Cortex/L_Frontal_ParsOperCularis.uasset" 92
"../../../NeuroramaPreAlpha/Content/Neurorama/InfoActors/Cortex/Frontal/BP_ia_FLparsOper_L.uasset" 93
"../../../NeuroramaPreAlpha/Content/Neurorama/Geometry/Cortex/R_Frontal_ParsOperCularis.uasset" 94
"../../../NeuroramaPreAlpha/Content/Neurorama/InfoActors/Cortex/Frontal/BP_ia_FLparsOper_R.uasset" 95
"../../../NeuroramaPreAlpha/Content/Neurorama/Geometry/Cortex/L_Frontal_ParsOrbitalis.uasset" 96
"../../../NeuroramaPreAlpha/Content/Neurorama/InfoActors/Cortex/Frontal/BP_ia_FLparsOrbit_L.uasset" 97
"../../../NeuroramaPreAlpha/Content/Neurorama/Geometry/Cortex/R_Frontal_ParsOrbitalis.uasset" 98
"../../../NeuroramaPreAlpha/Content/Neurorama/InfoActors/Cortex/Frontal/BP_ia_FLparsOrbit_R.uasset" 99
"../../../NeuroramaPreAlpha/Content/Neurorama/Geometry/Cortex/L_Frontal_ParsTriangularis.uasset" 100
"../../../NeuroramaPreAlpha/Content/Neurorama/InfoActors/Cortex/Frontal/BP_ia_FLparsTriang_L.uasset" 101
"../../../NeuroramaPreAlpha/Content/Neurorama/Geometry/Cortex/R_Frontal_ParsTriangularis.uasset" 102
"../../../NeuroramaPreAlpha/Content/Neurorama/InfoActors/Cortex/Frontal/BP_ia_FLparsTriang_R.uasset" 103
"../../../NeuroramaPreAlpha/Content/Neurorama/Geometry/Cortex/L_Frontal_Precentral.uasset" 104
"../../../NeuroramaPreAlpha/Content/Neurorama/InfoActors/Cortex/Frontal/BP_ia_FLprecent_L.uasset" 105
"../../../NeuroramaPreAlpha/Content/Neurorama/Geometry/Cortex/R_Frontal_Precentral.uasset" 106
"../../../NeuroramaPreAlpha/Content/Neurorama/InfoActors/Cortex/Frontal/BP_ia_FLprecent_R.uasset" 107
"../../../NeuroramaPreAlpha/Content/Neurorama/Geometry/Cortex/L_Frontal_SuperiorFrontal.uasset" 108
"../../../NeuroramaPreAlpha/Content/Neurorama/InfoActors/Cortex/Frontal/BP_ia_FLsuperior_L.uasset" 109
"../../../NeuroramaPreAlpha/Content/Neurorama/Geometry/Cortex/R_Frontal_SuperiorFrontal.uasset" 110
"../../../NeuroramaPreAlpha/Content/Neurorama/InfoActors/Cortex/Frontal/BP_ia_FLsuperior_R.uasset" 111
"../../../NeuroramaPreAlpha/Content/Neurorama/Geometry/Cortex/L_Occipital_Cuneus.uasset" 112
"../../../NeuroramaPreAlpha/Content/Neurorama/InfoActors/Cortex/Occipital/BP_ia_OLcuneus_L.uasset" 113
"../../../NeuroramaPreAlpha/Content/Neurorama/Geometry/Cortex/R_Occipital_Cuneus.uasset" 114
"../../../NeuroramaPreAlpha/Content/Neurorama/InfoActors/Cortex/Occipital/BP_ia_OLcuneus_R.uasset" 115
"../../../NeuroramaPreAlpha/Content/Neurorama/Geometry/Cortex/L_Occipital_LateralOccipital.uasset" 116
"../../../NeuroramaPreAlpha/Content/Neurorama/InfoActors/Cortex/Occipital/BP_ia_OLlateral_L.uasset" 117
"../../../NeuroramaPreAlpha/Content/Neurorama/Geometry/Cortex/R_Occipital_LateralOccipital.uasset" 118
"../../../NeuroramaPreAlpha/Content/Neurorama/InfoActors/Cortex/Occipital/BP_ia_OLlateral_R.uasset" 119
"../../../NeuroramaPreAlpha/Content/Neurorama/Geometry/Cortex/L_Occipital_Lingual.uasset" 120
"../../../NeuroramaPreAlpha/Content/Neurorama/InfoActors/Cortex/Occipital/BP_ia_OLlingual_R.uasset" 121
"../../../NeuroramaPreAlpha/Content/Neurorama/Geometry/Cortex/L_Occipital_PericalCarine.uasset" 122
"../../../NeuroramaPreAlpha/Content/Neurorama/InfoActors/Cortex/Occipital/BP_ia_OLperical_L.uasset" 123
"../../../NeuroramaPreAlpha/Content/Neurorama/Geometry/Cortex/R_Occipital_PericalCarine.uasset" 124
"../../../NeuroramaPreAlpha/Content/Neurorama/InfoActors/Cortex/Occipital/BP_ia_OLperical_R.uasset" 125
"../../../NeuroramaPreAlpha/Content/Neurorama/Geometry/Cortex/L_Parietal_InferiorParietal.uasset" 126
"../../../NeuroramaPreAlpha/Content/Neurorama/InfoActors/Cortex/Parietal/BP_ia_PLinferior_L.uasset" 127
"../../../NeuroramaPreAlpha/Content/Neurorama/Geometry/Cortex/R_Parietal_InferiorParietal.uasset" 128
"../../../NeuroramaPreAlpha/Content/Neurorama/InfoActors/Cortex/Parietal/BP_ia_PLinferior_R.uasset" 129
"../../../NeuroramaPreAlpha/Content/Neurorama/Geometry/Cortex/L_Parietal_Postcentral.uasset" 130
"../../../NeuroramaPreAlpha/Content/Neurorama/InfoActors/Cortex/Parietal/BP_ia_PLpostcent_L.uasset" 131
"../../../NeuroramaPreAlpha/Content/Neurorama/Geometry/Cortex/R_Parietal_Postcentral.uasset" 132
"../../../NeuroramaPreAlpha/Content/Neurorama/InfoActors/Cortex/Parietal/BP_ia_PLpostcent_R.uasset" 133
"../../../NeuroramaPreAlpha/Content/Neurorama/Geometry/Cortex/L_Parietal_Precuneus.uasset" 134
"../../../NeuroramaPreAlpha/Content/Neurorama/InfoActors/Cortex/Parietal/BP_ia_PLprecuneus_L.uasset" 135
"../../../NeuroramaPreAlpha/Content/Neurorama/Geometry/Cortex/R_Parietal_Precuneus.uasset" 136
"../../../NeuroramaPreAlpha/Content/Neurorama/InfoActors/Cortex/Parietal/BP_ia_PLprecuneus_R.uasset" 137
"../../../NeuroramaPreAlpha/Content/Neurorama/Geometry/Cortex/L_Parietal_SuperiorParietal.uasset" 138
"../../../NeuroramaPreAlpha/Content/Neurorama/InfoActors/Cortex/Parietal/BP_ia_PLsuperior_L.uasset" 139
"../../../NeuroramaPreAlpha/Content/Neurorama/Geometry/Cortex/R_Parietal_SuperiorParietal.uasset" 140
"../../../NeuroramaPreAlpha/Content/Neurorama/InfoActors/Cortex/Parietal/BP_ia_PLsuperior_R.uasset" 141
"../../../NeuroramaPreAlpha/Content/Neurorama/Geometry/Cortex/L_Parietal_SupraMarginal.uasset" 142
"../../../NeuroramaPreAlpha/Content/Neurorama/InfoActors/Cortex/Parietal/BP_ia_PLsupraMarg_L.uasset" 143
"../../../NeuroramaPreAlpha/Content/Neurorama/Geometry/Cortex/R_Parietal_SupraMarginal.uasset" 144
"../../../NeuroramaPreAlpha/Content/Neurorama/InfoActors/Cortex/Parietal/BP_ia_PLsupraMarg_R.uasset" 145
"../../../NeuroramaPreAlpha/Content/Neurorama/Geometry/Cortex/L_Temporal_Entorhinal.uasset" 146
"../../../NeuroramaPreAlpha/Content/Neurorama/InfoActors/Cortex/Temporal/BP_ia_TLentorhinal_L.uasset" 147
"../../../NeuroramaPreAlpha/Content/Neurorama/Geometry/Cortex/R_Temporal_Entorhinal.uasset" 148
"../../../NeuroramaPreAlpha/Content/Neurorama/InfoActors/Cortex/Temporal/BP_ia_TLentorhinal_R.uasset" 149
"../../../NeuroramaPreAlpha/Content/Neurorama/Geometry/Cortex/L_Temporal_Fusiform.uasset" 150
"../../../NeuroramaPreAlpha/Content/Neurorama/InfoActors/Cortex/Temporal/BP_ia_TLfusiform_L.uasset" 151
"../../../NeuroramaPreAlpha/Content/Neurorama/Geometry/Cortex/R_Temporal_Fusiform.uasset" 152
"../../../NeuroramaPreAlpha/Content/Neurorama/InfoActors/Cortex/Temporal/BP_ia_TLfusiform_R.uasset" 153
"../../../NeuroramaPreAlpha/Content/Neurorama/Geometry/Cortex/L_Temporal_InferiorTemporal.uasset" 154
"../../../NeuroramaPreAlpha/Content/Neurorama/InfoActors/Cortex/Temporal/BP_ia_TLinfTemp_L.uasset" 155
"../../../NeuroramaPreAlpha/Content/Neurorama/Geometry/Cortex/R_Temporal_InferiorTemporal.uasset" 156
"../../../NeuroramaPreAlpha/Content/Neurorama/InfoActors/Cortex/Temporal/BP_ia_TLinfTemp_R.uasset" 157
"../../../NeuroramaPreAlpha/Content/Neurorama/Geometry/Cortex/L_Temporal_MiddleTemporal.uasset" 158
"../../../NeuroramaPreAlpha/Content/Neurorama/InfoActors/Cortex/Temporal/BP_ia_TLmidTemp_L.uasset" 159
"../../../NeuroramaPreAlpha/Content/Neurorama/Geometry/Cortex/R_Temporal_MiddleTemporal.uasset" 160
"../../../NeuroramaPreAlpha/Content/Neurorama/InfoActors/Cortex/Temporal/BP_ia_TLmidTemp_R.uasset" 161
"../../../NeuroramaPreAlpha/Content/Neurorama/Geometry/Cortex/L_Temporal_Parahippocampal.uasset" 162
"../../../NeuroramaPreAlpha/Content/Neurorama/InfoActors/Cortex/Temporal/BP_ia_TLparahippo_L.uasset" 163
"../../../NeuroramaPreAlpha/Content/Neurorama/Geometry/Cortex/R_Temporal_Parahippocampal.uasset" 164
"../../../NeuroramaPreAlpha/Content/Neurorama/InfoActors/Cortex/Temporal/BP_ia_TLparahippo_R.uasset" 165
"../../../NeuroramaPreAlpha/Content/Neurorama/Geometry/Cortex/L_Temporal_SuperiorTemporal.uasset" 166
"../../../NeuroramaPreAlpha/Content/Neurorama/InfoActors/Cortex/Temporal/BP_ia_TLsupTemp_L.uasset" 167
"../../../NeuroramaPreAlpha/Content/Neurorama/Geometry/Cortex/R_Temporal_SuperiorTemporal.uasset" 168
"../../../NeuroramaPreAlpha/Content/Neurorama/InfoActors/Cortex/Temporal/BP_ia_TLsupTemp_R.uasset" 169
"../../../NeuroramaPreAlpha/Content/Neurorama/Geometry/Cortex/L_Temporal_TransverseTemporal.uasset" 170
"../../../NeuroramaPreAlpha/Content/Neurorama/InfoActors/Cortex/Temporal/BP_ia_TLtransTemp_L.uasset" 171
"../../../NeuroramaPreAlpha/Content/Neurorama/Geometry/Cortex/R_Temporal_TransverseTemporal.uasset" 172
"../../../NeuroramaPreAlpha/Content/Neurorama/InfoActors/Cortex/Temporal/BP_ia_TLtransTemp_R.uasset" 173
"../../../NeuroramaPreAlpha/Content/Neurorama/InfoActors/Cortex/BP_iaGroup_Cortices.uasset" 174
"../../../NeuroramaPreAlpha/Content/Neurorama/InfoActors/Cortex/Temporal/BP_ia_TLtransTemp_R1.uasset" 175
"../../../Engine/Content/Functions/Engine_MaterialFunctions02/Fresnel_Function.uasset" 176
"../../../Engine/Content/EditorMaterials/Cascade/CASC_Cross.uasset" 177
"../../../Engine/Content/Functions/Engine_MaterialFunctions03/Blends/Blend_Lighten.uasset" 178
"../../../Engine/Content/Functions/Engine_MaterialFunctions03/Blends/Blend_Screen.uasset" 179
"../../../NeuroramaPreAlpha/Content/Neurorama/MaterialLibrary/Masks/cellmask01_2x_darker_softer_noisy.uasset" 180
"../../../NeuroramaPreAlpha/Content/Neurorama/MaterialLibrary/M_iaPlastic_Primary.uasset" 181
"../../../NeuroramaPreAlpha/Content/Neurorama/MaterialLibrary/Masks/noiseMask01.uasset" 182
"../../../NeuroramaPreAlpha/Content/Neurorama/MaterialLibrary/M_iaPlastic_Secondary.uasset" 183
"../../../NeuroramaPreAlpha/Content/Neurorama/Geometry/Visual/VisPaths.uasset" 184
"../../../NeuroramaPreAlpha/Content/Neurorama/InfoActors/Visual/BP_ia_VisualPaths1.uasset" 185
"../../../NeuroramaPreAlpha/Content/Neurorama/InfoActors/Visual/BP_ia_VisualPaths2.uasset" 186
"../../../NeuroramaPreAlpha/Content/Neurorama/Maps/DefaultMap_BuiltData.uasset" 187
"../../../NeuroramaPreAlpha/Content/Neurorama/Maps/WalkAround_BuiltData.uasset" 188
"../../../Engine/Content/Functions/Engine_MaterialFunctions03/Blends/Blend_PinLight.uasset" 189
"../../../NeuroramaPreAlpha/Content/Neurorama/MaterialLibrary/M_iaAero_Deprecated.uasset" 190
"../../../Engine/Content/Functions/Engine_MaterialFunctions03/Blends/Blend_ColorDodge.uasset" 191
"../../../NeuroramaPreAlpha/Content/Neurorama/MaterialLibrary/M_iaAero_Discobug.uasset" 192
"../../../NeuroramaPreAlpha/Content/Neurorama/MaterialLibrary/M_iaAero_Primary_Bak.uasset" 193
"../../../NeuroramaPreAlpha/Content/Neurorama/MaterialLibrary/M_iaAero_ReferenceTesting.uasset" 194
"../../../NeuroramaPreAlpha/Content/Neurorama/MaterialLibrary/M_iaAero_Secondary.uasset" 195
"../../../NeuroramaPreAlpha/Content/Neurorama/MaterialLibrary/M_Lens.uasset" 196
"../../../NeuroramaPreAlpha/Content/Neurorama/MaterialLibrary/M_WhiteGloss.uasset" 197
"../../../NeuroramaPreAlpha/Content/Neurorama/MaterialLibrary/Masks/cellmask01.uasset" 198
"../../../NeuroramaPreAlpha/Content/Neurorama/MaterialLibrary/Masks/cellmask01_2x.uasset" 199
"../../../NeuroramaPreAlpha/Content/Neurorama/MaterialLibrary/Masks/cellmask01_2x_darker.uasset" 200
"../../../NeuroramaPreAlpha/Content/Neurorama/MaterialLibrary/Masks/cellmask01_2x_darker_softer.uasset" 201
"../../../NeuroramaPreAlpha/Content/Neurorama/MaterialLibrary/Masks/neuronMask01.uasset" 202
"../../../NeuroramaPreAlpha/Content/Neurorama/MaterialLibrary/Masks/neuronMask02.uasset" 203
"../../../NeuroramaPreAlpha/Content/Neurorama/MaterialLibrary/Masks/neuronMask03.uasset" 204
"../../../NeuroramaPreAlpha/Content/Neurorama/MaterialLibrary/Sources/Blocks01_height.uasset" 205
"../../../NeuroramaPreAlpha/Content/Neurorama/MaterialLibrary/Sources/Marble01_output.uasset" 206
"../../../NeuroramaPreAlpha/Content/Neurorama/UX/TestEnum01.uasset" 207
"../../../NeuroramaPreAlpha/Content/Neurorama/UX/W_Desktop_WalkHUD.uasset" 208
"../../../NeuroramaPreAlpha/Content/Neurorama/UX/W_VR_HUD.uasset" 209
"../../../NeuroramaPreAlpha/Content/Neurorama/UX/W_VR_WalkHUD.uasset" 210
"../../../NeuroramaPreAlpha/Content/Neurorama/UX/Menus/BP_MainMenu_testpawn01.uasset" 211
"../../../NeuroramaPreAlpha/Content/Neurorama/UX/Menus/BP_Menupawn_VR.uasset" 212
"../../../Engine/Content/BasicShapes/Cone.uasset" 213
"../../../Engine/Content/BasicShapes/Cube.uasset" 214
"../../../Engine/Content/BasicShapes/Cylinder.uasset" 215
"../../../Engine/Content/BasicShapes/Plane.uasset" 216
"../../../Engine/Content/EditorLandscapeResources/DataLayer.uasset" 217
"../../../Engine/Content/EditorMaterials/GizmoMaterial.uasset" 218
"../../../Engine/Content/EditorMaterials/MAT_Groups_Toggle.uasset" 219
"../../../Engine/Content/EditorMaterials/MAT_Groups_Visibility.uasset" 220
"../../../Engine/Content/EditorMaterials/PreviewShadowIndicator.uasset" 221
"../../../Engine/Content/EditorMaterials/PreviewShadowIndicatorMaterial.uasset" 222
"../../../Engine/Content/EditorMaterials/MatineeGroups/MAT_ColorTrack.uasset" 223
"../../../Engine/Content/EditorMaterials/MatineeGroups/MAT_Groups_Anim.uasset" 224
"../../../Engine/Content/EditorMaterials/MatineeGroups/MAT_Groups_AudioMaster.uasset" 225
"../../../Engine/Content/EditorMaterials/MatineeGroups/MAT_Groups_Director.uasset" 226
"../../../Engine/Content/EditorMaterials/MatineeGroups/MAT_Groups_Event.uasset" 227
"../../../Engine/Content/EditorMaterials/MatineeGroups/MAT_Groups_Fade.uasset" 228
"../../../Engine/Content/EditorMaterials/MatineeGroups/MAT_Groups_Float.uasset" 229
"../../../Engine/Content/EditorMaterials/MatineeGroups/MAT_Groups_Move.uasset" 230
"../../../Engine/Content/EditorMaterials/MatineeGroups/MAT_Groups_Slomo.uasset" 231
"../../../Engine/Content/EditorMaterials/MatineeGroups/MAT_Groups_Sound.uasset" 232
"../../../Engine/Content/EditorMaterials/MatineeGroups/MAT_Groups_Vector.uasset" 233
"../../../Engine/Content/EditorMaterials/ParticleSystems/PSysThumbnail_NoImage.uasset" 234
"../../../Engine/Content/EditorMaterials/ParticleSystems/PSysThumbnail_OOD.uasset" 235
"../../../Engine/Content/EditorMaterials/Camera/CineMat.uasset" 236
"../../../Engine/Content/EditorMaterials/Camera/MI_CineMat_Rig.uasset" 237
"../../../Engine/Content/EditorMeshes/Camera/SM_CraneRig_Arm.uasset" 238
"../../../Engine/Content/EditorMeshes/Camera/SM_CraneRig_Base.uasset" 239
"../../../Engine/Content/EditorMeshes/Camera/SM_CraneRig_Body.uasset" 240
"../../../Engine/Content/EditorMeshes/Camera/SM_CraneRig_Mount.uasset" 241
"../../../Engine/Content/EditorMeshes/Camera/SM_RailRig_Mount.uasset" 242
"../../../Engine/Content/EditorMeshes/Camera/SM_RailRig_Track.uasset" 243
"../../../Engine/Content/EditorMeshes/ColorCalibrator/M_ChromeBall.uasset" 244
"../../../Engine/Content/EditorMeshes/ColorCalibrator/M_ClearCoat.uasset" 245
"../../../Engine/Content/EditorMeshes/ColorCalibrator/M_ClearCoatBlack.uasset" 246
"../../../Engine/Content/EditorMeshes/ColorCalibrator/Color_checker.uasset" 247
"../../../Engine/Content/EditorMeshes/ColorCalibrator/M_ColorGrid.uasset" 248
"../../../Engine/Content/EditorMeshes/ColorCalibrator/M_GreyBall.uasset" 249
"../../../Engine/Content/EditorMeshes/ColorCalibrator/SM_ColorCalibrator.uasset" 250
"../../../Engine/Content/EditorResources/BSPVertex.uasset" 251
"../../../Engine/Content/EditorResources/EmptyActor.uasset" 252
"../../../Engine/Content/EditorResources/S_Actor.uasset" 253
"../../../Engine/Content/EditorResources/S_Trigger.uasset" 254
"../../../Engine/Content/EditorResources/LightIcons/S_LightError.uasset" 255
"../../../Engine/Content/EditorResources/SequenceRecorder/Countdown.uasset" 256
"../../../Engine/Content/EditorResources/SequenceRecorder/RecordingIndicator.uasset" 257
"../../../Engine/Content/EditorSounds/Notifications/CompileFailed.uasset" 258
"../../../Engine/Content/EditorSounds/Notifications/CompileFailed_Cue.uasset" 259
"../../../Engine/Content/EditorSounds/Notifications/CompileSuccess.uasset" 260
"../../../Engine/Content/EditorSounds/Notifications/CompileStart_Cue.uasset" 261
"../../../Engine/Content/EditorSounds/Notifications/CompileSuccess_Cue.uasset" 262
"../../../Engine/Content/EngineDamageTypes/DmgTypeBP_Environmental.uasset" 263
"../../../Engine/Content/EngineDebugMaterials/HeatmapGradient.uasset" 264
"../../../Engine/Content/EngineDebugMaterials/BoneWeightMaterial.uasset" 265
"../../../Engine/Content/EngineDebugMaterials/ClothMaterial.uasset" 266
"../../../Engine/Content/EngineDebugMaterials/ClothMaterial_WF.uasset" 267
"../../../Engine/Content/EngineDebugMaterials/DebugEditorMaterial.uasset" 268
"../../../Engine/Content/EngineDebugMaterials/DebugMeshMaterial.uasset" 269
"../../../Engine/Content/EngineDebugMaterials/GeomMaterial.uasset" 270
"../../../Engine/Content/EngineFonts/Faces/RobotoBold.uasset" 271
"../../../Engine/Content/EngineFonts/Faces/RobotoBoldItalic.uasset" 272
"../../../Engine/Content/EngineFonts/Faces/RobotoItalic.uasset" 273
"../../../Engine/Content/EngineFonts/Faces/RobotoLight.uasset" 274
"../../../Engine/Content/EngineFonts/Faces/RobotoRegular.uasset" 275
"../../../Engine/Content/EngineFonts/Roboto.uasset" 276
"../../../Engine/Content/EngineFonts/Faces/RobotoTiny.uasset" 277
"../../../Engine/Content/EngineFonts/RobotoTiny.uasset" 278
"../../../Engine/Content/EngineMaterials/DefaultBloomKernel.uasset" 279
"../../../Engine/Content/EngineMaterials/DefaultBokeh.uasset" 280
"../../../Engine/Content/EngineMaterials/DefaultDiffuse.uasset" 281
"../../../Engine/Content/EngineMaterials/DefaultDeferredDecalMaterial.uasset" 282
"../../../Engine/Content/EngineMaterials/DefaultLightFunctionMaterial.uasset" 283
"../../../Engine/Content/EngineMaterials/DefaultPhysicalMaterial.uasset" 284
"../../../Engine/Content/Functions/Engine_MaterialFunctions02/Utility/BreakOutFloat2Components.uasset" 285
"../../../Engine/Content/EngineMaterials/DefaultPostProcessMaterial.uasset" 286
"../../../Engine/Content/EngineMaterials/DefaultTextMaterialOpaque.uasset" 287
"../../../Engine/Content/EngineMaterials/DefaultWhiteGrid.uasset" 288
"../../../Engine/Content/EngineMaterials/EditorBrushMaterial.uasset" 289
"../../../Engine/Content/EngineMaterials/Good64x64TilingNoiseHighFreq.uasset" 290
"../../../Engine/Content/EngineMaterials/MiniFont.uasset" 291
"../../../Engine/Content/EngineMaterials/InvalidLightmapSettings.uasset" 292
"../../../Engine/Content/EngineMaterials/M_InvalidLightmapSettings.uasset" 293
"../../../Engine/Content/Functions/Engine_MaterialFunctions02/WorldPositionOffset/CameraOffset.uasset" 294
"../../../Engine/Content/EngineMaterials/PhAT_JointLimitMaterial.uasset" 295
"../../../Engine/Content/EngineMaterials/PreintegratedSkinBRDF.uasset" 296
"../../../Engine/Content/EngineMaterials/RemoveSurfaceMaterial.uasset" 297
"../../../Engine/Content/EngineMaterials/WeightMapPlaceholderTexture.uasset" 298
"../../../Engine/Content/EngineResources/WhiteSquareTexture.uasset" 299
"../../../Engine/Content/EngineMaterials/Widget3DPassThrough.uasset" 300
"../../../Engine/Content/EngineMaterials/Widget3DPassThrough_Masked.uasset" 301
"../../../Engine/Content/EngineMaterials/Widget3DPassThrough_Opaque.uasset" 302
"../../../Engine/Content/EngineMaterials/Widget3DPassThrough_Masked_OneSided.uasset" 303
"../../../Engine/Content/EngineMaterials/Widget3DPassThrough_Opaque_OneSided.uasset" 304
"../../../Engine/Content/EngineMaterials/Widget3DPassThrough_Translucent.uasset" 305
"../../../Engine/Content/EngineMaterials/Widget3DPassThrough_Translucent_OneSided.uasset" 306
"../../../Engine/Content/EngineMeshes/Cube.uasset" 307
"../../../Engine/Content/EngineMeshes/Cylinder.uasset" 308
"../../../Engine/Content/EngineMeshes/Sphere.uasset" 309
"../../../Engine/Content/EngineResources/Black.uasset" 310
"../../../Engine/Content/EngineResources/DefaultTexture.uasset" 311
"../../../Engine/Content/EngineResources/DefaultTextureCube.uasset" 312
"../../../Engine/Content/EngineResources/GradientTexture0.uasset" 313
"../../../Engine/Content/EngineSounds/Master.uasset" 314
"../../../Engine/Content/Functions/Engine_MaterialFunctions01/Shading/ConvertFromDiffSpec.uasset" 315
"../../../Engine/Content/Functions/Engine_MaterialFunctions01/Shading/PowerToRoughness.uasset" 316
"../../../Engine/Content/Maps/Templates/Thumbnails/Default.uasset" 317
"../../../Engine/Content/Maps/Templates/Thumbnails/VR-Basic.uasset" 318
"../../../Engine/Content/MobileResources/T_MobileControls_texture.uasset" 319
"../../../Engine/Content/MobileResources/T_MobileMenu2.uasset" 320
"../../../Engine/Content/MobileResources/HUD/AnalogHat.uasset" 321
"../../../Engine/Content/MobileResources/HUD/VirtualJoystick_Background.uasset" 322
"../../../Engine/Content/MobileResources/HUD/VirtualJoystick_Thumb.uasset" 323
"../../../Engine/Content/MobileResources/HUD/DefaultVirtualJoysticks.uasset" 324
"../../../Engine/Content/MobileResources/HUD/LeftVirtualJoystickOnly.uasset" 325
"../../../Engine/Content/MobileResources/HUD/MobileHUDButton1_off.uasset" 326
"../../../Engine/Content/MobileResources/HUD/MobileHUDButton1_on.uasset" 327
"../../../Engine/Content/MobileResources/HUD/MobileHUDButton2_off.uasset" 328
"../../../Engine/Content/MobileResources/HUD/MobileHUDButton2_on.uasset" 329
"../../../Engine/Content/MobileResources/HUD/MobileHUDButton3.uasset" 330
"../../../Engine/Content/MobileResources/HUD/MobileHUDButtonFire.uasset" 331
"../../../Engine/Content/MobileResources/HUD/MobileHUDDirectionPad.uasset" 332
"../../../Engine/Content/MobileResources/HUD/MobileHUDDirectionPad2.uasset" 333
"../../../Engine/Content/MobileResources/HUD/MobileHUDDirectionPad3.uasset" 334
"../../../Engine/Content/MobileResources/HUD/MobileHUDDirectionStick.uasset" 335
"../../../Engine/Content/MobileResources/HUD/T_Castle_ThumbstickInner.uasset" 336
"../../../Engine/Content/MobileResources/HUD/T_Castle_ThumbstickOutter.uasset" 337
"../../../Engine/Content/Tutorial/ContentIntroCurve.uasset" 338
"../../../Engine/Content/Tutorial/Basics/TutorialAssets/icon_tab_Levels_40x.uasset" 339
"../../../Engine/Content/Tutorial/BlueprintTutorials/TutorialAssets/BlueprintInterface_64x.uasset" 340
"../../../Engine/Content/Tutorial/BlueprintTutorials/TutorialAssets/BlueprintMacroLibrary_64x.uasset" 341
"../../../Engine/Content/Tutorial/BlueprintTutorials/TutorialAssets/Blueprint_64x.uasset" 342
"../../../Engine/Content/Tutorial/BlueprintTutorials/TutorialAssets/Tutorial_BP_Interface.uasset" 343
"../../../Engine/Content/Tutorial/Foliage/TutorialAssets/Foliage.uasset" 344
"../../../Engine/Content/Tutorial/Landscape/TutorialAssets/Landscape.uasset" 345
"../../../Engine/Content/Tutorial/Paper2D/TutorialAssets/Paper2DFlipbook_TutorialIcon.uasset" 346
"../../../Engine/Content/Tutorial/Paper2D/TutorialAssets/Paper2DSprite_TutorialIcon.uasset" 347
"../../../Engine/Content/Tutorial/SubEditors/TutorialAssets/icon_Editor_Preferences_General_40x.uasset" 348
"../../../Engine/Content/Tutorial/SubEditors/TutorialAssets/icon_ShowSkeletalMeshes_40x.uasset" 349
"../../../Engine/Content/Tutorial/SubEditors/TutorialAssets/TutorialMaterial.uasset" 350
"../../../Engine/Content/Tutorial/SubEditors/TutorialAssets/T_SmokeSubUV_8X8.uasset" 351
"../../../Engine/Content/Tutorial/SubEditors/TutorialAssets/T_soft_smoke.uasset" 352
"../../../Engine/Content/Tutorial/SubEditors/TutorialAssets/M_smoke_subUV_blackbody.uasset" 353
"../../../Engine/Content/Tutorial/SubEditors/TutorialAssets/TutorialParticleSystem.uasset" 354
"../../../Engine/Content/VREditor/Devices/Generic/GenericHMDMaterial.uasset" 355
"../../../Engine/Content/VREditor/Devices/Generic/GenericHMD.uasset" 356
"../../../Engine/Content/VREditor/FloatingText/LineMaterial.uasset" 357
"../../../Engine/Content/VREditor/FloatingText/JointSphere.uasset" 358
"../../../Engine/Content/VREditor/FloatingText/LineSegmentCylinder.uasset" 359
"../../../Engine/Content/VREditor/Fonts/VRText_RobotoLarge.uasset" 360
"../../../Engine/Content/VREditor/Fonts/VRTextMaterial.uasset" 361
"../../../Engine/Content/VREditor/Fonts/TranslucentVRTextMaterial.uasset" 362
"../../../Engine/Content/VREditor/LaserPointer/CursorPointer.uasset" 363
"../../../Engine/Content/VREditor/LaserPointer/VR_LaserPower_01.uasset" 364
"../../../Engine/Content/VREditor/TransformGizmo/TransformGizmoMaterial.uasset" 365
"../../../Engine/Content/VREditor/LaserPointer/HoverMaterial.uasset" 366
"../../../Engine/Content/VREditor/TransformGizmo/TranslucentTransformGizmoMaterial.uasset" 367
"../../../Engine/Content/VREditor/LaserPointer/TranslucentHoverMaterial.uasset" 368
"../../../Engine/Content/VREditor/LaserPointer/HoverMesh.uasset" 369
"../../../Engine/Content/VREditor/LaserPointer/LaserPointerMaterial.uasset" 370
"../../../Engine/Content/VREditor/LaserPointer/LaserPointerMaterialInst.uasset" 371
"../../../Engine/Content/VREditor/LaserPointer/TranslucentLaserPointerMaterialInst.uasset" 372
"../../../Engine/Content/VREditor/LaserPointer/LaserPointerMesh.uasset" 373
"../../../Engine/Content/VREditor/LaserPointer/LaserPointerMesh_End.uasset" 374
"../../../Engine/Content/VREditor/LaserPointer/LaserPointerMesh_Start.uasset" 375
"../../../Engine/Content/Functions/Engine_MaterialFunctions02/Math/Transform3x3Matrix.uasset" 376
"../../../Engine/Content/Functions/Engine_MaterialFunctions02/SplitComponents.uasset" 377
"../../../Engine/Content/Functions/Engine_MaterialFunctions02/Utility/MakeFloat3.uasset" 378
"../../../Engine/Content/VREditor/SnapGrid/SnapGridMaterial.uasset" 379
"../../../Engine/Content/VREditor/SnapGrid/SnapGridPlaneMesh.uasset" 380
"../../../Engine/Content/VREditor/Sounds/VR_teleport.uasset" 381
"../../../Engine/Content/VREditor/Sounds/UI/Click_on_Button_Cue.uasset" 382
"../../../Engine/Content/VREditor/Sounds/UI/Dockable_Window_Close.uasset" 383
"../../../Engine/Content/VREditor/Sounds/UI/Dockable_Window_Drop.uasset" 384
"../../../Engine/Content/VREditor/Sounds/UI/Dockable_Window_Open.uasset" 385
"../../../Engine/Content/VREditor/Sounds/UI/Dockable_Window_Pick_Up.uasset" 386
"../../../Engine/Content/VREditor/Sounds/UI/Drop_Item_From_ContentBrowser.uasset" 387
"../../../Engine/Content/VREditor/Sounds/UI/Floating_UI_Open-001.uasset" 388
"../../../Engine/Content/VREditor/Sounds/UI/Gizmo_Handle_Clicked.uasset" 389
"../../../Engine/Content/VREditor/Sounds/UI/Object_PickUp.uasset" 390
"../../../Engine/Content/VREditor/Sounds/UI/Object_Snaps_To_Another_Actor.uasset" 391
"../../../Engine/Content/VREditor/Sounds/UI/Object_Snaps_To_Grid.uasset" 392
"../../../Engine/Content/VREditor/Sounds/UI/Radial_Menu_FadeOut.uasset" 393
"../../../Engine/Content/VREditor/Sounds/UI/Scaling_Down.uasset" 394
"../../../Engine/Content/VREditor/Sounds/UI/Scaling_Up.uasset" 395
"../../../Engine/Content/VREditor/Sounds/UI/Selection_Changes.uasset" 396
"../../../Engine/Content/VREditor/Sounds/UI/Teleport_Mode_Entered.uasset" 397
"../../../Engine/Content/VREditor/Teleport/TeleportDirectionMaterial.uasset" 398
"../../../Engine/Content/VREditor/Teleport/TeleportDirectionMaterial_Inst.uasset" 399
"../../../Engine/Content/VREditor/Teleport/TeleportDirectionMesh.uasset" 400
"../../../Engine/Content/VREditor/TransformGizmo/BoundingBoxCorner.uasset" 401
"../../../Engine/Content/VREditor/TransformGizmo/BoundingBoxEdge.uasset" 402
"../../../Engine/Content/VREditor/TransformGizmo/PlaneTranslationHandle.uasset" 403
"../../../Engine/Content/VREditor/TransformGizmo/RotationHandleFull.uasset" 404
"../../../Engine/Content/VREditor/TransformGizmo/RotationHandleIndicator.uasset" 405
"../../../Engine/Content/VREditor/TransformGizmo/RotationHandleQuarter.uasset" 406
"../../../Engine/Content/VREditor/TransformGizmo/Main.uasset" 407
"../../../Engine/Content/VREditor/TransformGizmo/Xray.uasset" 408
"../../../Engine/Content/VREditor/TransformGizmo/SM_Dialog_Close.uasset" 409
"../../../Engine/Content/VREditor/TransformGizmo/SM_Dialog_Move.uasset" 410
"../../../Engine/Content/VREditor/TransformGizmo/SM_Sequencer_Key.uasset" 411
"../../../Engine/Content/VREditor/TransformGizmo/SM_Sequencer_Node.uasset" 412
"../../../Engine/Content/VREditor/TransformGizmo/StartRotationHandleIndicator.uasset" 413
"../../../Engine/Content/VREditor/TransformGizmo/TranslucentTransformGizmoMaterial_Inst.uasset" 414
"../../../Engine/Content/VREditor/TransformGizmo/TransformGizmoFreeRotation.uasset" 415
"../../../Engine/Content/VREditor/TransformGizmo/TransformGizmoMaterial_Inst.uasset" 416
"../../../Engine/Content/VREditor/TransformGizmo/TranslateArrowHandle.uasset" 417
"../../../Engine/Content/VREditor/TransformGizmo/UniformScaleHandle.uasset" 418
"../../../Engine/Content/VREditor/UI/KeyDiskMaterial.uasset" 419
"../../../Engine/Content/VREditor/UI/DiscMaterial.uasset" 420
"../../../Engine/Content/VREditor/UI/SM_Radial_Disk.uasset" 421
"../../../Engine/Content/Functions/Engine_MaterialFunctions01/Gradient/RadialGradient.uasset" 422
"../../../Engine/Content/VREditor/WorldMovementGrid/SimpleGrid.uasset" 423
"../../../Engine/Content/VREditor/WorldMovementGrid/GridMaterial.uasset" 424
"../../../Engine/Content/Functions/Engine_MaterialFunctions01/Density/ExponentialDensity.uasset" 425
"../../../Engine/Content/VREditor/WorldMovementGrid/GridPostProcess.uasset" 426
"../../../Engine/Content/EditorLandscapeResources/FlattenHeightMat.uasset" 427
"../../../Engine/Content/VREditor/WorldMovementGrid/PlaneMesh.uasset" 428
"../../../Engine/Plugins/2D/Paper2D/Content/DefaultPaperTerrainMaterial.uasset" 429
"../../../Engine/Plugins/2D/Paper2D/Content/MaskedUnlitSpriteMaterial.uasset" 430
"../../../Engine/Plugins/2D/Paper2D/Content/OpaqueUnlitSpriteMaterial.uasset" 431
"../../../Engine/Plugins/Media/MediaCompositing/Content/DefaultMediaPlaneMaterial.uasset" 432
"../../../Engine/Content/Functions/Engine_MaterialFunctions02/Utility/MakeFloat4.uasset" 433
"../../../Engine/Plugins/Runtime/AppleARKit/Content/ARKitCameraMaterial.uasset" 434
"../../../Engine/Plugins/Runtime/Oculus/OculusVR/Content/Textures/GearVRController_AO.uasset" 435
"../../../Engine/Plugins/Runtime/Oculus/OculusVR/Content/Textures/GearVRController_Color.uasset" 436
"../../../Engine/Plugins/Runtime/Oculus/OculusVR/Content/Textures/GearVRController_Normal.uasset" 437
"../../../Engine/Plugins/Runtime/Oculus/OculusVR/Content/Materials/GearVRControllerMaterial.uasset" 438
"../../../Engine/Plugins/Runtime/Oculus/OculusVR/Content/Meshes/GearVrController.uasset" 439
"../../../NeuroramaPreAlpha/Content/Neurorama/Geometry/Hindbrain/Cerebellum01.uasset" 440
"../../../NeuroramaPreAlpha/Content/Neurorama/InfoActors/Brainstem/BP_ia_Cerebellum.uasset" 441
"../../../NeuroramaPreAlpha/Content/Neurorama/Geometry/Brainstem/Brainstem_Medulla01.uasset" 442
"../../../NeuroramaPreAlpha/Content/Neurorama/InfoActors/Brainstem/BP_ia_Medulla.uasset" 443
"../../../NeuroramaPreAlpha/Content/Neurorama/Geometry/Brainstem/Brainstem_Olive01.uasset" 444
"../../../NeuroramaPreAlpha/Content/Neurorama/InfoActors/Brainstem/BP_ia_Olive.uasset" 445
"../../../NeuroramaPreAlpha/Content/Neurorama/Geometry/Brainstem/Brainstem_Pons01.uasset" 446
"../../../NeuroramaPreAlpha/Content/Neurorama/InfoActors/Brainstem/BP_ia_Pons.uasset" 447
"../../../NeuroramaPreAlpha/Content/Neurorama/Geometry/Brainstem/Brainstem_Pyramid01.uasset" 448
"../../../NeuroramaPreAlpha/Content/Neurorama/InfoActors/Brainstem/BP_ia_Pyramid.uasset" 449
"../../../NeuroramaPreAlpha/Content/Neurorama/InfoActors/Dioramas/bp_Diorama_Brainstem.uasset" 450
"../../../NeuroramaPreAlpha/Content/Neurorama/InfoActors/Cortex/Occipital/BP_ia_OLlingual_L.uasset" 451
"../../../NeuroramaPreAlpha/Content/Neurorama/InfoActors/Dioramas/bp_Diorama_Cortex.uasset" 452
"../../../NeuroramaPreAlpha/Content/Neurorama/Geometry/Limbic/Amygdala.uasset" 453
"../../../NeuroramaPreAlpha/Content/Neurorama/InfoActors/Interior/BP_ia_Amygdala.uasset" 454
"../../../NeuroramaPreAlpha/Content/Neurorama/Geometry/Limbic/BG_Caudate01.uasset" 455
"../../../NeuroramaPreAlpha/Content/Neurorama/InfoActors/Interior/BP_ia_CaudNuc.uasset" 456
"../../../NeuroramaPreAlpha/Content/Neurorama/Geometry/Limbic/BG_Caudate_CellularBridges01.uasset" 457
"../../../NeuroramaPreAlpha/Content/Neurorama/InfoActors/Interior/BP_ia_CaudNucBridges.uasset" 458
"../../../NeuroramaPreAlpha/Content/Neurorama/Geometry/Limbic/Fornix01.uasset" 459
"../../../NeuroramaPreAlpha/Content/Neurorama/InfoActors/Interior/BP_ia_Fornix.uasset" 460
"../../../NeuroramaPreAlpha/Content/Neurorama/Geometry/Limbic/Globus01b.uasset" 461
"../../../NeuroramaPreAlpha/Content/Neurorama/InfoActors/Interior/BP_ia_Globus.uasset" 462
"../../../NeuroramaPreAlpha/Content/Neurorama/Geometry/Limbic/Hippocampus01.uasset" 463
"../../../NeuroramaPreAlpha/Content/Neurorama/InfoActors/Interior/BP_ia_Hippocampus.uasset" 464
"../../../NeuroramaPreAlpha/Content/Neurorama/Geometry/Limbic/Hypothalamus01.uasset" 465
"../../../NeuroramaPreAlpha/Content/Neurorama/InfoActors/Interior/BP_ia_Hypothalamus.uasset" 466
"../../../NeuroramaPreAlpha/Content/Neurorama/Geometry/Limbic/Pituitary01.uasset" 467
"../../../NeuroramaPreAlpha/Content/Neurorama/InfoActors/Interior/BP_ia_Pituitary.uasset" 468
"../../../NeuroramaPreAlpha/Content/Neurorama/Geometry/Limbic/Putamen01.uasset" 469
"../../../NeuroramaPreAlpha/Content/Neurorama/InfoActors/Interior/BP_ia_Putamen.uasset" 470
"../../../NeuroramaPreAlpha/Content/Neurorama/Geometry/Limbic/Thalamus01.uasset" 471
"../../../NeuroramaPreAlpha/Content/Neurorama/InfoActors/Interior/BP_ia_Thalamus.uasset" 472
"../../../NeuroramaPreAlpha/Content/Neurorama/InfoActors/Dioramas/bp_Diorama_Interior.uasset" 473
"../../../NeuroramaPreAlpha/Content/Neurorama/Geometry/Midbrain/Midbrain_InfColliculus01.uasset" 474
"../../../NeuroramaPreAlpha/Content/Neurorama/InfoActors/Midbrain/BP_ia_InfColliculus.uasset" 475
"../../../NeuroramaPreAlpha/Content/Neurorama/Geometry/Midbrain/Midbrain_Peduncle01.uasset" 476
"../../../NeuroramaPreAlpha/Content/Neurorama/InfoActors/Midbrain/BP_ia_Peduncle.uasset" 477
"../../../NeuroramaPreAlpha/Content/Neurorama/Geometry/Midbrain/Midbrain_Pulvinar01.uasset" 478
"../../../NeuroramaPreAlpha/Content/Neurorama/InfoActors/Midbrain/BP_ia_Pulvinar.uasset" 479
"../../../NeuroramaPreAlpha/Content/Neurorama/Geometry/Midbrain/Midbrain_SupColliculus01.uasset" 480
"../../../NeuroramaPreAlpha/Content/Neurorama/InfoActors/Midbrain/BP_ia_SupColliculus.uasset" 481
"../../../NeuroramaPreAlpha/Content/Neurorama/InfoActors/Dioramas/bp_Diorama_Midbrain.uasset" 482
"../../../NeuroramaPreAlpha/Content/Neurorama/Geometry/Visual/Eyeballs.uasset" 483
"../../../NeuroramaPreAlpha/Content/Neurorama/InfoActors/Visual/BP_ia_Eyeballs.uasset" 484
"../../../NeuroramaPreAlpha/Content/Neurorama/InfoActors/Visual/BP_ia_VisualPaths.uasset" 485
"../../../NeuroramaPreAlpha/Content/Neurorama/InfoActors/Dioramas/bp_Diorama_Visual.uasset" 486
"../../../NeuroramaPreAlpha/Content/Neurorama/Core/BP_ExhibitContainer.uasset" 487
"../../../Engine/Content/EngineSky/C_Sky_Cloud_Color.uasset" 488
"../../../Engine/Content/EngineSky/C_Sky_Horizon_Color.uasset" 489
"../../../Engine/Content/EngineSky/C_Sky_Zenith_Color.uasset" 490
"../../../Engine/Content/EngineSky/T_Sky_Blue.uasset" 491
"../../../Engine/Content/EngineSky/T_Sky_Clouds_M.uasset" 492
"../../../Engine/Content/EngineSky/T_Sky_Stars.uasset" 493
"../../../Engine/Content/EngineSky/M_Sky_Panning_Clouds2.uasset" 494
"../../../Engine/Content/EngineSky/SM_SkySphere.uasset" 495
"../../../NeuroramaPreAlpha/Content/Neurorama/Geometry/BP_SkySphere.uasset" 496
"../../../NeuroramaPreAlpha/Content/Neurorama/Maps/ExhibitMap_BuiltData.uasset" 497
"../../../NeuroramaPreAlpha/Content/Neurorama/MaterialLibrary/Sources/Blocks01_basecolor.uasset" 498
"../../../NeuroramaPreAlpha/Content/Neurorama/MaterialLibrary/Sources/Blocks01_metallic.uasset" 499
"../../../NeuroramaPreAlpha/Content/Neurorama/MaterialLibrary/Sources/Blocks01_normal.uasset" 500
"../../../NeuroramaPreAlpha/Content/Neurorama/MaterialLibrary/Sources/Blocks01_roughness.uasset" 501
"../../../NeuroramaPreAlpha/Content/Neurorama/MaterialLibrary/M_StoneBlocks.uasset" 502
"../../../Engine/Content/MapTemplates/daylight.uasset" 503
"../../../NeuroramaPreAlpha/Content/Neurorama/Core/Pawns/W_Desktop_WalkHUD.uasset" 504
"../../../NeuroramaPreAlpha/Content/Neurorama/Geometry/SM_Pedestal.uasset" 505
"../../../NeuroramaPreAlpha/Content/Neurorama/Geometry/SM_Pillar.uasset" 506
"../../../NeuroramaPreAlpha/Content/Neurorama/Maps/ExhibitMap.umap" 507
"../../../NeuroramaPreAlpha/Content/Neurorama/Maps/FlightMap.umap" 508
"../../../NeuroramaPreAlpha/Content/Neurorama/Core/Pawns/BP_VR_Menupawn.uasset" 509
"../../../NeuroramaPreAlpha/Content/Neurorama/UX/Menus/BP_MainMenu_Actor.uasset" 510
"../../../NeuroramaPreAlpha/Content/Neurorama/Maps/TitleMenu_BuiltData.uasset" 511
"../../../NeuroramaPreAlpha/Content/Neurorama/Geometry/Cortex/S_WholeNoggin.uasset" 512
"../../../NeuroramaPreAlpha/Content/Neurorama/Maps/TitleMenu.umap" 513
"../../../Engine/Content/Maps/Entry.umap" 514
